<?xml version="1.0" encoding="UTF-8"?>
<robot generator="Robot 6.1.1 (Python 3.11.5 on win32)" generated="20250302 07:42:40.287" rpa="false" schemaversion="4">
<suite id="s1" name="Tests" source="C:\Users\elias.grinberg\source\robottesting\tests">
<suite id="s1-s1" name="First Test" source="C:\Users\elias.grinberg\source\robottesting\tests\first_test.robot">
<test id="s1-s1-t1" name="Create A Random String" line="5">
<kw name="Log To Console" library="BuiltIn">
<arg>We are going to generate a random string</arg>
<doc>Logs the given message to the console.</doc>
<status status="PASS" starttime="20250302 07:42:40.320" endtime="20250302 07:42:40.321"/>
</kw>
<kw name="Generate Random String" library="String">
<arg>10</arg>
<doc>Generates a string with a desired ``length`` from the given ``chars``.</doc>
<status status="PASS" starttime="20250302 07:42:40.321" endtime="20250302 07:42:40.321"/>
</kw>
<kw name="Log To Console" library="BuiltIn">
<arg>We finished generating a random string</arg>
<doc>Logs the given message to the console.</doc>
<status status="PASS" starttime="20250302 07:42:40.322" endtime="20250302 07:42:40.322"/>
</kw>
<status status="PASS" starttime="20250302 07:42:40.320" endtime="20250302 07:42:40.322"/>
</test>
<status status="PASS" starttime="20250302 07:42:40.313" endtime="20250302 07:42:40.323"/>
</suite>
<status status="PASS" starttime="20250302 07:42:40.289" endtime="20250302 07:42:40.324"/>
</suite>
<statistics>
<total>
<stat pass="1" fail="0" skip="0">All Tests</stat>
</total>
<tag>
</tag>
<suite>
<stat pass="1" fail="0" skip="0" id="s1" name="Tests">Tests</stat>
<stat pass="1" fail="0" skip="0" id="s1-s1" name="First Test">Tests.First Test</stat>
</suite>
</statistics>
<errors>
</errors>
</robot>
